nytimes_elections_results_states/Alabama Election Results 2016 – The New York Times.html - data lines 67
nytimes_elections_results_states/Alaska Election Results 2016 – The New York Times.html - data lines 0
nytimes_elections_results_states/Arizona Election Results 2016 – The New York Times.html - data lines 82
nytimes_elections_results_states/Arkansas Election Results 2016 – The New York Times.html - data lines 157
nytimes_elections_results_states/California Election Results 2016 – The New York Times.html - data lines 215
nytimes_elections_results_states/Colorado Election Results 2016 – The New York Times.html - data lines 279
nytimes_elections_results_states/Connecticut Election Results 2016 – The New York Times.html - data lines 448
nytimes_elections_results_states/Delaware Election Results 2016 – The New York Times.html - data lines 451
nytimes_elections_results_states/District of Columbia Election Results 2016 – The New York Times.html - data lines 0
nytimes_elections_results_states/Florida Election Results 2016 – The New York Times.html - data lines 518
nytimes_elections_results_states/Georgia Election Results 2016 – The New York Times.html - data lines 677
nytimes_elections_results_states/Hawaii Election Results 2016 – The New York Times.html - data lines 681
nytimes_elections_results_states/Idaho Election Results 2016 – The New York Times.html - data lines 725
nytimes_elections_results_states/Illinois Election Results 2016 – The New York Times.html - data lines 827
nytimes_elections_results_states/Indiana Election Results 2016 – The New York Times.html - data lines 919
nytimes_elections_results_states/Iowa Election Results 2016 – The New York Times.html - data lines 1018
nytimes_elections_results_states/Kansas Election Results 2016 – The New York Times.html - data lines 1123
nytimes_elections_results_states/Kentucky Election Results 2016 – The New York Times.html - data lines 1243
nytimes_elections_results_states/Louisiana Election Results 2016 – The New York Times.html - data lines 1307
nytimes_elections_results_states/Maine Election Results 2016 – The New York Times.html - data lines 1805
nytimes_elections_results_states/Maryland Election Results 2016 – The New York Times.html - data lines 1829
nytimes_elections_results_states/Massachusetts Election Results 2016 – The New York Times.html - data lines 2180
nytimes_elections_results_states/Michigan Election Results 2016 – The New York Times.html - data lines 2263
nytimes_elections_results_states/Minnesota Election Results 2016 – The New York Times.html - data lines 2350
nytimes_elections_results_states/Mississippi Election Results 2016 – The New York Times.html - data lines 2432
nytimes_elections_results_states/Missouri Election Results 2016 – The New York Times.html - data lines 2547
nytimes_elections_results_states/Montana Election Results 2016 – The New York Times.html - data lines 2603
nytimes_elections_results_states/Nebraska Election Results 2016 – The New York Times.html - data lines 2696
nytimes_elections_results_states/Nevada Election Results 2016 – The New York Times.html - data lines 2713
nytimes_elections_results_states/New Hampshire Election Results 2016 – The New York Times.html - data lines 2950
nytimes_elections_results_states/New Jersey Election Results 2016 – The New York Times.html - data lines 2971
nytimes_elections_results_states/New Mexico Election Results 2016 – The New York Times.html - data lines 3004
nytimes_elections_results_states/New York Election Results 2016 – The New York Times.html - data lines 3066
nytimes_elections_results_states/North Carolina Election Results 2016 – The New York Times.html - data lines 3166
nytimes_elections_results_states/North Dakota Election Results 2016 – The New York Times.html - data lines 3219
nytimes_elections_results_states/Ohio Election Results 2016 – The New York Times.html - data lines 3307
nytimes_elections_results_states/Oklahoma Election Results 2016 – The New York Times.html - data lines 3384
nytimes_elections_results_states/Oregon Election Results 2016 – The New York Times.html - data lines 3420
nytimes_elections_results_states/Pennsylvania Election Results 2016 – The New York Times.html - data lines 3487
nytimes_elections_results_states/Rhode Island Election Results 2016 – The New York Times.html - data lines 3526
nytimes_elections_results_states/South Carolina Election Results 2016 – The New York Times.html - data lines 3572
nytimes_elections_results_states/South Dakota Election Results 2016 – The New York Times.html - data lines 3638
nytimes_elections_results_states/Tennessee Election Results 2016 – The New York Times.html - data lines 3733
nytimes_elections_results_states/Texas Election Results 2016 – The New York Times.html - data lines 3987
nytimes_elections_results_states/Utah Election Results 2016 – The New York Times.html - data lines 4016
nytimes_elections_results_states/Vermont Election Results 2016 – The New York Times.html - data lines 4262
nytimes_elections_results_states/Virginia Election Results 2016 – The New York Times.html - data lines 4395
nytimes_elections_results_states/Washington Election Results 2016 – The New York Times.html - data lines 4434
nytimes_elections_results_states/West Virginia Election Results 2016 – The New York Times.html - data lines 4489
nytimes_elections_results_states/Wisconsin Election Results 2016 – The New York Times.html - data lines 4561
nytimes_elections_results_states/Wyoming Election Results 2016 – The New York Times.html - data lines 4584
